Using pre-set license
Built from '2021.3/staging' branch; Version is '2021.3.11f1 (0a5ca18544bf) revision 679073'; Using compiler version '192829333'; Build Type 'Release'
OS: 'Windows 10  (10.0.19045) 64bit Education' Language: 'en' Physical Memory: 16308 MB
BatchMode: 1, IsHumanControllingUs: 0, StartBugReporterOnCrash: 0, Is64bit: 1, IsPro: 1

COMMAND LINE ARGUMENTS:
C:\Program Files\Unity\Hub\Editor\2021.3.11f1\Editor\Unity.exe
-adb2
-batchMode
-noUpm
-name
AssetImportWorker2
-projectPath
D:/UnityProjects/Fairyside
-logFile
Logs/AssetImportWorker2.log
-srvPort
50347
Successfully changed project path to: D:/UnityProjects/Fairyside
D:/UnityProjects/Fairyside
[UnityMemory] Configuration Parameters - Can be set up in boot.config
    "memorysetup-bucket-allocator-granularity=16"
    "memorysetup-bucket-allocator-bucket-count=8"
    "memorysetup-bucket-allocator-block-size=33554432"
    "memorysetup-bucket-allocator-block-count=8"
    "memorysetup-main-allocator-block-size=16777216"
    "memorysetup-thread-allocator-block-size=16777216"
    "memorysetup-gfx-main-allocator-block-size=16777216"
    "memorysetup-gfx-thread-allocator-block-size=16777216"
    "memorysetup-cache-allocator-block-size=4194304"
    "memorysetup-typetree-allocator-block-size=2097152"
    "memorysetup-profiler-bucket-allocator-granularity=16"
    "memorysetup-profiler-bucket-allocator-bucket-count=8"
    "memorysetup-profiler-bucket-allocator-block-size=33554432"
    "memorysetup-profiler-bucket-allocator-block-count=8"
    "memorysetup-profiler-allocator-block-size=16777216"
    "memorysetup-profiler-editor-allocator-block-size=1048576"
    "memorysetup-temp-allocator-size-main=16777216"
    "memorysetup-job-temp-allocator-block-size=2097152"
    "memorysetup-job-temp-allocator-block-size-background=1048576"
    "memorysetup-job-temp-allocator-reduction-small-platforms=262144"
    "memorysetup-temp-allocator-size-background-worker=32768"
    "memorysetup-temp-allocator-size-job-worker=262144"
    "memorysetup-temp-allocator-size-preload-manager=33554432"
    "memorysetup-temp-allocator-size-nav-mesh-worker=65536"
    "memorysetup-temp-allocator-size-audio-worker=65536"
    "memorysetup-temp-allocator-size-cloud-worker=32768"
    "memorysetup-temp-allocator-size-gi-baking-worker=262144"
    "memorysetup-temp-allocator-size-gfx=262144"
Refreshing native plugins compatible for Editor in 76.68 ms, found 3 plugins.
Preloading 0 native plugins for Editor in 0.00 ms.
Initialize engine version: 2021.3.11f1 (0a5ca18544bf)
[Subsystems] Discovering subsystems at path C:/Program Files/Unity/Hub/Editor/2021.3.11f1/Editor/Data/Resources/UnitySubsystems
[Subsystems] Discovering subsystems at path D:/UnityProjects/Fairyside/Assets
GfxDevice: creating device client; threaded=0; jobified=0
Direct3D:
    Version:  Direct3D 11.0 [level 11.1]
    Renderer: NVIDIA GeForce RTX 2070 (ID=0x1f02)
    Vendor:   NVIDIA
    VRAM:     8031 MB
    Driver:   31.0.15.1694
Initialize mono
Mono path[0] = 'C:/Program Files/Unity/Hub/Editor/2021.3.11f1/Editor/Data/Managed'
Mono path[1] = 'C:/Program Files/Unity/Hub/Editor/2021.3.11f1/Editor/Data/MonoBleedingEdge/lib/mono/unityjit-win32'
Mono config path = 'C:/Program Files/Unity/Hub/Editor/2021.3.11f1/Editor/Data/MonoBleedingEdge/etc'
Using monoOptions --debugger-agent=transport=dt_socket,embedding=1,server=y,suspend=n,address=127.0.0.1:56028
Begin MonoManager ReloadAssembly
Registering precompiled unity dll's ...
Register platform support module: C:/Program Files/Unity/Hub/Editor/2021.3.11f1/Editor/Data/PlaybackEngines/MacStandaloneSupport/UnityEditor.OSXStandalone.Extensions.dll
Register platform support module: C:/Program Files/Unity/Hub/Editor/2021.3.11f1/Editor/Data/PlaybackEngines/WindowsStandaloneSupport/UnityEditor.WindowsStandalone.Extensions.dll
Register platform support module: C:/Program Files/Unity/Hub/Editor/2021.3.11f1/Editor/Data/PlaybackEngines/LinuxStandaloneSupport/UnityEditor.LinuxStandalone.Extensions.dll
Registered in 0.009247 seconds.
Native extension for LinuxStandalone target not found
Native extension for WindowsStandalone target not found
Native extension for OSXStandalone target not found
Refreshing native plugins compatible for Editor in 86.50 ms, found 3 plugins.
Preloading 0 native plugins for Editor in 0.00 ms.
Mono: successfully reloaded assembly
- Completed reload, in  0.718 seconds
Domain Reload Profiling:
	ReloadAssembly (719ms)
		BeginReloadAssembly (96ms)
			ExecutionOrderSort (0ms)
			DisableScriptedObjects (0ms)
			BackupInstance (0ms)
			ReleaseScriptingObjects (0ms)
			CreateAndSetChildDomain (1ms)
		EndReloadAssembly (511ms)
			LoadAssemblies (95ms)
			RebuildTransferFunctionScriptingTraits (0ms)
			SetupTypeCache (104ms)
			ReleaseScriptCaches (0ms)
			RebuildScriptCaches (38ms)
			SetupLoadedEditorAssemblies (313ms)
				LogAssemblyErrors (0ms)
				InitializePlatformSupportModulesInManaged (17ms)
				SetLoadedEditorAssemblies (0ms)
				RefreshPlugins (87ms)
				BeforeProcessingInitializeOnLoad (2ms)
				ProcessInitializeOnLoadAttributes (158ms)
				ProcessInitializeOnLoadMethodAttributes (49ms)
				AfterProcessingInitializeOnLoad (0ms)
				EditorAssembliesLoaded (0ms)
			ExecutionOrderSort2 (0ms)
			AwakeInstancesAfterBackupRestoration (0ms)
Platform modules already initialized, skipping
Registering precompiled user dll's ...
Registered in 0.002639 seconds.
Begin MonoManager ReloadAssembly
Native extension for LinuxStandalone target not found
Native extension for WindowsStandalone target not found
Native extension for OSXStandalone target not found
Refreshing native plugins compatible for Editor in 90.36 ms, found 3 plugins.
Preloading 0 native plugins for Editor in 0.00 ms.

=================================================================
	Native Crash Reporting
=================================================================
Got a UNKNOWN while executing native code. This usually indicates
a fatal error in the mono runtime or one of the native libraries 
used by your application.
=================================================================

=================================================================
	Managed Stacktrace:
=================================================================
	  at <unknown> <0xffffffff>
	  at System.Array:CreateInstanceImpl <0x000d8>
	  at System.Array:CreateInstance <0x0046a>
	  at System.Array:CreateInstance <0x000d2>
	  at System.RuntimeType:GetEnumValues <0x001b2>
	  at System.Enum:GetValues <0x00104>
	  at UnityEngine.UIElements.UxmlEnumAttributeDescription`1:.ctor <0x0046a>
	  at UxmlTraits:.ctor <0x0051a>
	  at UxmlTraits:.ctor <0x001fa>
	  at System.Object:runtime_invoke_void__this__ <0x00337>
	  at <unknown> <0xffffffff>
	  at System.Reflection.RuntimeConstructorInfo:InternalInvoke <0x00151>
	  at System.Reflection.RuntimeConstructorInfo:InternalInvoke <0x000f2>
	  at System.RuntimeType:CreateInstanceMono <0x0054a>
	  at System.RuntimeType:CreateInstanceSlow <0x000fa>
	  at System.RuntimeType:CreateInstanceDefaultCtor <0x0018a>
	  at System.Activator:CreateInstance <0x001ca>
	  at UnityEngine.UIElements.UxmlFactory`2:.ctor <0x000da>
	  at UxmlFactory:.ctor <0x00052>
	  at System.Object:runtime_invoke_void__this__ <0x00337>
	  at <unknown> <0xffffffff>
	  at System.Reflection.RuntimeConstructorInfo:InternalInvoke <0x00151>
	  at System.Reflection.RuntimeConstructorInfo:InternalInvoke <0x000f2>
	  at System.RuntimeType:CreateInstanceMono <0x0054a>
	  at System.RuntimeType:CreateInstanceSlow <0x000fa>
	  at System.RuntimeType:CreateInstanceDefaultCtor <0x0018a>
	  at System.Activator:CreateInstance <0x0027a>
	  at System.Activator:CreateInstance <0x00082>
	  at System.Activator:CreateInstance <0x00072>
	  at UnityEditor.UIElements.UXMLEditorFactories:.cctor <0x00a8a>
	  at System.Object:runtime_invoke_void <0x00184>
	  at <unknown> <0xffffffff>
	  at System.Runtime.CompilerServices.RuntimeHelpers:RunClassConstructor <0x000c1>
	  at System.Runtime.CompilerServices.RuntimeHelpers:RunClassConstructor <0x0019a>
	  at UnityEditor.EditorAssemblies:ProcessInitializeOnLoadAttributes <0x00652>
	  at <Module>:runtime_invoke_void_object <0x0018a>
=================================================================
Mono: successfully reloaded assembly
- Completed reload, in  1.531 seconds
Domain Reload Profiling:
	ReloadAssembly (1532ms)
		BeginReloadAssembly (122ms)
			ExecutionOrderSort (0ms)
			DisableScriptedObjects (7ms)
			BackupInstance (0ms)
			ReleaseScriptingObjects (0ms)
			CreateAndSetChildDomain (23ms)
		EndReloadAssembly (1294ms)
			LoadAssemblies (85ms)
			RebuildTransferFunctionScriptingTraits (0ms)
			SetupTypeCache (254ms)
			ReleaseScriptCaches (1ms)
			RebuildScriptCaches (96ms)
			SetupLoadedEditorAssemblies (790ms)
				LogAssemblyErrors (0ms)
				InitializePlatformSupportModulesInManaged (16ms)
				SetLoadedEditorAssemblies (0ms)
				RefreshPlugins (90ms)
				BeforeProcessingInitializeOnLoad (111ms)
				ProcessInitializeOnLoadAttributes (451ms)
				ProcessInitializeOnLoadMethodAttributes (114ms)
				AfterProcessingInitializeOnLoad (8ms)
				EditorAssembliesLoaded (0ms)
			ExecutionOrderSort2 (0ms)
			AwakeInstancesAfterBackupRestoration (8ms)
Platform modules already initialized, skipping
========================================================================
Worker process is ready to serve import requests
Launched and connected shader compiler UnityShaderCompiler.exe after 0.08 seconds
Refreshing native plugins compatible for Editor in 1.41 ms, found 3 plugins.
Preloading 0 native plugins for Editor in 0.00 ms.
Unloading 4042 Unused Serialized files (Serialized files now loaded: 0)
Unloading 34 unused Assets / (0.7 MB). Loaded Objects now: 4517.
Memory consumption went from 201.2 MB to 200.5 MB.
Total: 5.119600 ms (FindLiveObjects: 0.696900 ms CreateObjectMapping: 0.200800 ms MarkObjects: 3.848000 ms  DeleteObjects: 0.372600 ms)

AssetImportParameters requested are different than current active one (requested -> active):
  custom:video-decoder-ogg-theora: a1e56fd34408186e4bbccfd4996cb3dc -> 
  custom:container-muxer-webm: aa71ff27fc2769a1b78a27578f13a17b -> 
  custom:container-demuxer-webm: 4f35f7cbe854078d1ac9338744f61a02 -> 
  custom:video-encoder-webm-vp8: eb34c28f22e8b96e1ab97ce403110664 -> 
  custom:audio-encoder-webm-vorbis: bf7c407c2cedff20999df2af8eb42d56 -> 
  custom:framework-win-MediaFoundation: 216162199b28c13a410421893ffa2e32 -> 
  custom:container-demuxer-ogg: 62fdf1f143b41e24485cea50d1cbac27 -> 
  custom:video-decoder-webm-vp8: 9c59270c3fd7afecdb556c50c9e8de78 -> 
  custom:audio-decoder-ogg-vorbis: bf7c407c2cedff20999df2af8eb42d56 -> 
========================================================================
Received Import Request.
  Time since last request: 706519.511278 seconds.
  path: Assets/Prefabs/Enemies/SlimeSmall.prefab
  artifactKey: Guid(fc535cbefea915043b78c4757e3c22e1) Importer(815301076,1909f56bfc062723c751e8b465ee728b)
Start importing Assets/Prefabs/Enemies/SlimeSmall.prefab using Guid(fc535cbefea915043b78c4757e3c22e1) Importer(815301076,1909f56bfc062723c751e8b465ee728b)  -> (artifact id: 'fadb196938f231f282f51f59b5aa89fe') in 0.385553 seconds 
========================================================================
Received Import Request.
  Time since last request: 0.000039 seconds.
  path: Assets/Prefabs/Enemies/Spirit.prefab
  artifactKey: Guid(066f3f1738234db4182d16d3ba34d7cb) Importer(815301076,1909f56bfc062723c751e8b465ee728b)
Start importing Assets/Prefabs/Enemies/Spirit.prefab using Guid(066f3f1738234db4182d16d3ba34d7cb) Importer(815301076,1909f56bfc062723c751e8b465ee728b)  -> (artifact id: '0200ef4926f2c93276fd296bc056583b') in 0.056027 seconds 
========================================================================
Received Import Request.
  Time since last request: 0.000044 seconds.
  path: Assets/Prefabs/Enemies/Pumpkin.prefab
  artifactKey: Guid(f2868c591a23fa94fb4c31803efe5046) Importer(815301076,1909f56bfc062723c751e8b465ee728b)
Start importing Assets/Prefabs/Enemies/Pumpkin.prefab using Guid(f2868c591a23fa94fb4c31803efe5046) Importer(815301076,1909f56bfc062723c751e8b465ee728b)  -> (artifact id: '928155058fdc98d1185f058828f2a880') in 0.036162 seconds 
========================================================================
Received Import Request.
  Time since last request: 0.000029 seconds.
  path: Assets/Prefabs/Enemies/SpiritYellow.prefab
  artifactKey: Guid(91a30c5c5bd76334298ef9d8b729ef38) Importer(815301076,1909f56bfc062723c751e8b465ee728b)
Start importing Assets/Prefabs/Enemies/SpiritYellow.prefab using Guid(91a30c5c5bd76334298ef9d8b729ef38) Importer(815301076,1909f56bfc062723c751e8b465ee728b)  -> (artifact id: 'f9cfe05a778007fd7067010037cd4c38') in 0.027258 seconds 
========================================================================
Received Import Request.
  Time since last request: 0.000026 seconds.
  path: Assets/Prefabs/Enemies/Meffy.prefab
  artifactKey: Guid(c7fcf84ea3584b946a8883916c70eaf0) Importer(815301076,1909f56bfc062723c751e8b465ee728b)
Start importing Assets/Prefabs/Enemies/Meffy.prefab using Guid(c7fcf84ea3584b946a8883916c70eaf0) Importer(815301076,1909f56bfc062723c751e8b465ee728b)  -> (artifact id: '1ec46c8ff27398c0aab0e4180cd5a494') in 0.043050 seconds 
========================================================================
Received Import Request.
  Time since last request: 0.000028 seconds.
  path: Assets/Prefabs/Enemies/SlimePink.prefab
  artifactKey: Guid(8e57357313a9b164d9577a383e1ca19e) Importer(815301076,1909f56bfc062723c751e8b465ee728b)
Start importing Assets/Prefabs/Enemies/SlimePink.prefab using Guid(8e57357313a9b164d9577a383e1ca19e) Importer(815301076,1909f56bfc062723c751e8b465ee728b)  -> (artifact id: 'e71539cc9677ce12680844d6d03e4ced') in 0.033203 seconds 
========================================================================
Received Prepare
Refreshing native plugins compatible for Editor in 4.12 ms, found 3 plugins.
Preloading 0 native plugins for Editor in 0.00 ms.
Unloading 26 Unused Serialized files (Serialized files now loaded: 0)
Unloading 26 unused Assets / (0.6 MB). Loaded Objects now: 4595.
Memory consumption went from 124.7 MB to 124.1 MB.
Total: 4.504600 ms (FindLiveObjects: 0.491000 ms CreateObjectMapping: 0.122400 ms MarkObjects: 3.537700 ms  DeleteObjects: 0.352900 ms)

AssetImportParameters requested are different than current active one (requested -> active):
  custom:video-decoder-ogg-theora: a1e56fd34408186e4bbccfd4996cb3dc -> 
  custom:container-muxer-webm: aa71ff27fc2769a1b78a27578f13a17b -> 
  custom:container-demuxer-webm: 4f35f7cbe854078d1ac9338744f61a02 -> 
  custom:video-encoder-webm-vp8: eb34c28f22e8b96e1ab97ce403110664 -> 
  custom:audio-encoder-webm-vorbis: bf7c407c2cedff20999df2af8eb42d56 -> 
  custom:framework-win-MediaFoundation: 216162199b28c13a410421893ffa2e32 -> 
  custom:container-demuxer-ogg: 62fdf1f143b41e24485cea50d1cbac27 -> 
  custom:video-decoder-webm-vp8: 9c59270c3fd7afecdb556c50c9e8de78 -> 
  custom:audio-decoder-ogg-vorbis: bf7c407c2cedff20999df2af8eb42d56 -> 
========================================================================
Received Prepare
Registering precompiled user dll's ...
Registered in 0.003208 seconds.
Begin MonoManager ReloadAssembly
Native extension for LinuxStandalone target not found
Native extension for WindowsStandalone target not found
Native extension for OSXStandalone target not found
Refreshing native plugins compatible for Editor in 1.04 ms, found 3 plugins.
Preloading 0 native plugins for Editor in 0.00 ms.
Mono: successfully reloaded assembly
- Completed reload, in  1.147 seconds
Domain Reload Profiling:
	ReloadAssembly (1148ms)
		BeginReloadAssembly (155ms)
			ExecutionOrderSort (0ms)
			DisableScriptedObjects (7ms)
			BackupInstance (0ms)
			ReleaseScriptingObjects (0ms)
			CreateAndSetChildDomain (52ms)
		EndReloadAssembly (896ms)
			LoadAssemblies (82ms)
			RebuildTransferFunctionScriptingTraits (0ms)
			SetupTypeCache (202ms)
			ReleaseScriptCaches (2ms)
			RebuildScriptCaches (45ms)
			SetupLoadedEditorAssemblies (487ms)
				LogAssemblyErrors (0ms)
				InitializePlatformSupportModulesInManaged (18ms)
				SetLoadedEditorAssemblies (0ms)
				RefreshPlugins (1ms)
				BeforeProcessingInitializeOnLoad (74ms)
				ProcessInitializeOnLoadAttributes (307ms)
				ProcessInitializeOnLoadMethodAttributes (76ms)
				AfterProcessingInitializeOnLoad (10ms)
				EditorAssembliesLoaded (0ms)
			ExecutionOrderSort2 (0ms)
			AwakeInstancesAfterBackupRestoration (16ms)
Platform modules already initialized, skipping
Refreshing native plugins compatible for Editor in 4.73 ms, found 3 plugins.
Preloading 0 native plugins for Editor in 0.00 ms.
Unloading 3909 Unused Serialized files (Serialized files now loaded: 0)
Unloading 26 unused Assets / (0.6 MB). Loaded Objects now: 4573.
Memory consumption went from 202.7 MB to 202.0 MB.
Total: 8.439500 ms (FindLiveObjects: 0.775600 ms CreateObjectMapping: 0.214800 ms MarkObjects: 6.906700 ms  DeleteObjects: 0.540200 ms)

AssetImportParameters requested are different than current active one (requested -> active):
  custom:video-decoder-ogg-theora: a1e56fd34408186e4bbccfd4996cb3dc -> 
  custom:container-muxer-webm: aa71ff27fc2769a1b78a27578f13a17b -> 
  custom:container-demuxer-webm: 4f35f7cbe854078d1ac9338744f61a02 -> 
  custom:video-encoder-webm-vp8: eb34c28f22e8b96e1ab97ce403110664 -> 
  custom:audio-encoder-webm-vorbis: bf7c407c2cedff20999df2af8eb42d56 -> 
  custom:framework-win-MediaFoundation: 216162199b28c13a410421893ffa2e32 -> 
  custom:container-demuxer-ogg: 62fdf1f143b41e24485cea50d1cbac27 -> 
  custom:video-decoder-webm-vp8: 9c59270c3fd7afecdb556c50c9e8de78 -> 
  custom:audio-decoder-ogg-vorbis: bf7c407c2cedff20999df2af8eb42d56 -> 
========================================================================
Received Prepare
Refreshing native plugins compatible for Editor in 5.61 ms, found 3 plugins.
Preloading 0 native plugins for Editor in 0.00 ms.
Unloading 26 Unused Serialized files (Serialized files now loaded: 0)
Unloading 26 unused Assets / (0.6 MB). Loaded Objects now: 4573.
Memory consumption went from 120.4 MB to 119.7 MB.
Total: 6.709700 ms (FindLiveObjects: 0.658100 ms CreateObjectMapping: 0.305600 ms MarkObjects: 5.135500 ms  DeleteObjects: 0.609100 ms)

AssetImportParameters requested are different than current active one (requested -> active):
  custom:video-decoder-ogg-theora: a1e56fd34408186e4bbccfd4996cb3dc -> 
  custom:container-muxer-webm: aa71ff27fc2769a1b78a27578f13a17b -> 
  custom:container-demuxer-webm: 4f35f7cbe854078d1ac9338744f61a02 -> 
  custom:video-encoder-webm-vp8: eb34c28f22e8b96e1ab97ce403110664 -> 
  custom:audio-encoder-webm-vorbis: bf7c407c2cedff20999df2af8eb42d56 -> 
  custom:framework-win-MediaFoundation: 216162199b28c13a410421893ffa2e32 -> 
  custom:container-demuxer-ogg: 62fdf1f143b41e24485cea50d1cbac27 -> 
  custom:video-decoder-webm-vp8: 9c59270c3fd7afecdb556c50c9e8de78 -> 
  custom:audio-decoder-ogg-vorbis: bf7c407c2cedff20999df2af8eb42d56 -> 
========================================================================
Received Import Request.
  Time since last request: 94.675601 seconds.
  path: Assets/Prefabs/Enemies/Golden Slime.prefab
  artifactKey: Guid(814b2faab263a2b448e46483b7ec882e) Importer(815301076,1909f56bfc062723c751e8b465ee728b)
Start importing Assets/Prefabs/Enemies/Golden Slime.prefab using Guid(814b2faab263a2b448e46483b7ec882e) Importer(815301076,1909f56bfc062723c751e8b465ee728b)  -> (artifact id: '5ea9903ffc876a84a794f45e70c05d96') in 0.354285 seconds 
========================================================================
Received Import Request.
  Time since last request: 0.000043 seconds.
  path: Assets/Prefabs/Enemies/Stuffy.prefab
  artifactKey: Guid(661690369d4613d428bf4418870450d6) Importer(815301076,1909f56bfc062723c751e8b465ee728b)
Start importing Assets/Prefabs/Enemies/Stuffy.prefab using Guid(661690369d4613d428bf4418870450d6) Importer(815301076,1909f56bfc062723c751e8b465ee728b)  -> (artifact id: 'eb29cf3db88986e0074f3d8bf65ae8e0') in 0.038982 seconds 
========================================================================
Received Import Request.
  Time since last request: 0.000086 seconds.
  path: Assets/Prefabs/Enemies/SlimeBig.prefab
  artifactKey: Guid(38db05ddc2e3ba349b8f83ed6f4c6eb4) Importer(815301076,1909f56bfc062723c751e8b465ee728b)
Start importing Assets/Prefabs/Enemies/SlimeBig.prefab using Guid(38db05ddc2e3ba349b8f83ed6f4c6eb4) Importer(815301076,1909f56bfc062723c751e8b465ee728b)  -> (artifact id: 'a8caf60a453ac70e3ac2aca9c48ec4e0') in 0.053446 seconds 
========================================================================
Received Import Request.
  Time since last request: 0.000042 seconds.
  path: Assets/Prefabs/Enemies/SpiritPink.prefab
  artifactKey: Guid(f4040091b6f7fc645bfb73adadd63308) Importer(815301076,1909f56bfc062723c751e8b465ee728b)
Start importing Assets/Prefabs/Enemies/SpiritPink.prefab using Guid(f4040091b6f7fc645bfb73adadd63308) Importer(815301076,1909f56bfc062723c751e8b465ee728b)  -> (artifact id: 'c83ad6e244bc2590820b0344a325b8b8') in 0.046327 seconds 
========================================================================
Received Import Request.
  Time since last request: 0.000045 seconds.
  path: Assets/Prefabs/Enemies/BatBoss.prefab
  artifactKey: Guid(72a65edf3f7bd464ea00e2ffccdc5f7a) Importer(815301076,1909f56bfc062723c751e8b465ee728b)
Start importing Assets/Prefabs/Enemies/BatBoss.prefab using Guid(72a65edf3f7bd464ea00e2ffccdc5f7a) Importer(815301076,1909f56bfc062723c751e8b465ee728b)  -> (artifact id: '7d5a4510900297e5ef1d200153f9172b') in 0.048467 seconds 
========================================================================
Received Import Request.
  Time since last request: 0.000050 seconds.
  path: Assets/Prefabs/Enemies/StuffyClone.prefab
  artifactKey: Guid(816449af0ba85204cac63eb3451abaa3) Importer(815301076,1909f56bfc062723c751e8b465ee728b)
Start importing Assets/Prefabs/Enemies/StuffyClone.prefab using Guid(816449af0ba85204cac63eb3451abaa3) Importer(815301076,1909f56bfc062723c751e8b465ee728b)  -> (artifact id: '60e231540025dbfe3641d61a9a51c0af') in 0.049518 seconds 
========================================================================
Received Import Request.
  Time since last request: 0.000039 seconds.
  path: Assets/Prefabs/Enemies/DogBoss.prefab
  artifactKey: Guid(709baeea4831f2a4d97497ed5e2c96f7) Importer(815301076,1909f56bfc062723c751e8b465ee728b)
Start importing Assets/Prefabs/Enemies/DogBoss.prefab using Guid(709baeea4831f2a4d97497ed5e2c96f7) Importer(815301076,1909f56bfc062723c751e8b465ee728b)  -> (artifact id: '9bd87d882e8bb48884c12132f1f5ff18') in 0.048076 seconds 
========================================================================
Received Import Request.
  Time since last request: 0.000054 seconds.
  path: Assets/Prefabs/Enemies/CubeBoss.prefab
  artifactKey: Guid(75508cacf5ec41a41b70b1ceb91c46fe) Importer(815301076,1909f56bfc062723c751e8b465ee728b)
Start importing Assets/Prefabs/Enemies/CubeBoss.prefab using Guid(75508cacf5ec41a41b70b1ceb91c46fe) Importer(815301076,1909f56bfc062723c751e8b465ee728b)  -> (artifact id: '20f71814da8b1e42c1e11770d9d11368') in 0.051635 seconds 
========================================================================
Received Import Request.
  Time since last request: 0.000051 seconds.
  path: Assets/Prefabs/Enemies/GhostAlt.prefab
  artifactKey: Guid(c16b15650970df345815d62e32b46026) Importer(815301076,1909f56bfc062723c751e8b465ee728b)
Start importing Assets/Prefabs/Enemies/GhostAlt.prefab using Guid(c16b15650970df345815d62e32b46026) Importer(815301076,1909f56bfc062723c751e8b465ee728b)  -> (artifact id: '04bfc08994a886ad843c96b254170ad7') in 0.042548 seconds 
========================================================================
Received Import Request.
  Time since last request: 0.000049 seconds.
  path: Assets/Prefabs/Enemies/CatBoss.prefab
  artifactKey: Guid(d7928c2394859304eb7f76a517481a42) Importer(815301076,1909f56bfc062723c751e8b465ee728b)
Start importing Assets/Prefabs/Enemies/CatBoss.prefab using Guid(d7928c2394859304eb7f76a517481a42) Importer(815301076,1909f56bfc062723c751e8b465ee728b)  -> (artifact id: '35c89140c9b7f9cee4ff4c620c760ebd') in 0.033285 seconds 
========================================================================
Received Import Request.
  Time since last request: 0.000029 seconds.
  path: Assets/Prefabs/Enemies/Meffy.prefab
  artifactKey: Guid(c7fcf84ea3584b946a8883916c70eaf0) Importer(815301076,1909f56bfc062723c751e8b465ee728b)
Start importing Assets/Prefabs/Enemies/Meffy.prefab using Guid(c7fcf84ea3584b946a8883916c70eaf0) Importer(815301076,1909f56bfc062723c751e8b465ee728b)  -> (artifact id: '012c51b5f528674d2b17d0f6831ffcb0') in 0.041121 seconds 
========================================================================
Received Import Request.
  Time since last request: 0.000067 seconds.
  path: Assets/Prefabs/Enemies/SnailBoss.prefab
  artifactKey: Guid(3121a4f62744c0e4eb1a2c6c3588c958) Importer(815301076,1909f56bfc062723c751e8b465ee728b)
Start importing Assets/Prefabs/Enemies/SnailBoss.prefab using Guid(3121a4f62744c0e4eb1a2c6c3588c958) Importer(815301076,1909f56bfc062723c751e8b465ee728b)  -> (artifact id: '83468a645aa8adc4468cedb81135f720') in 0.043049 seconds 
========================================================================
Received Import Request.
  Time since last request: 0.000073 seconds.
  path: Assets/Prefabs/Enemies/Bat.prefab
  artifactKey: Guid(7a2cc153268432b4b9b3476728ce014f) Importer(815301076,1909f56bfc062723c751e8b465ee728b)
Start importing Assets/Prefabs/Enemies/Bat.prefab using Guid(7a2cc153268432b4b9b3476728ce014f) Importer(815301076,1909f56bfc062723c751e8b465ee728b)  -> (artifact id: 'f5caab2b52d92e767408b35fdefd98f5') in 0.048110 seconds 
Editor requested this worker to shutdown with reason: Scaling down because of idle timeout
AssetImportWorker is now disconnected from the server
Process exiting
Exiting without the bug reporter. Application will terminate with return code 0